Performing C SOURCE FILE Test HAVE_GCC_PREFERRED_STACK_BOUNDARY failed with the following output:
Change Dir: /home/lilu/lilu/cpp_games/cpp_games/less3/game/cmake-build-debug/CMakeFiles/CMakeTmp

Run Build Command(s):/usr/bin/gmake -f Makefile cmTC_90551/fast && /usr/bin/gmake  -f CMakeFiles/cmTC_90551.dir/build.make CMakeFiles/cmTC_90551.dir/build
gmake[1]: вход в каталог «/home/lilu/lilu/cpp_games/cpp_games/less3/game/cmake-build-debug/CMakeFiles/CMakeTmp»
Building C object CMakeFiles/cmTC_90551.dir/src.c.o
/usr/bin/cc -DHAVE_GCC_PREFERRED_STACK_BOUNDARY  -idirafter "/home/lilu/lilu/cpp_games/cpp_games/less3/game/engine/libs/SDL2/src/video/khronos" -mpreferred-stack-boundary=2 -o CMakeFiles/cmTC_90551.dir/src.c.o -c /home/lilu/lilu/cpp_games/cpp_games/less3/game/cmake-build-debug/CMakeFiles/CMakeTmp/src.c
cc1: ошибка: «-mpreferred-stack-boundary=2» is not between 3 and 12
gmake[1]: *** [CMakeFiles/cmTC_90551.dir/build.make:78: CMakeFiles/cmTC_90551.dir/src.c.o] Ошибка 1
gmake[1]: выход из каталога «/home/lilu/lilu/cpp_games/cpp_games/less3/game/cmake-build-debug/CMakeFiles/CMakeTmp»
gmake: *** [Makefile:127: cmTC_90551/fast] Ошибка 2


Source file was:
int x = 0; int main(int argc, char **argv) {}
Performing C SOURCE FILE Test HAVE_ALTIVEC_H_HDR failed with the following output:
Change Dir: /home/lilu/lilu/cpp_games/cpp_games/less3/game/cmake-build-debug/CMakeFiles/CMakeTmp

Run Build Command(s):/usr/bin/gmake -f Makefile cmTC_07ebb/fast && /usr/bin/gmake  -f CMakeFiles/cmTC_07ebb.dir/build.make CMakeFiles/cmTC_07ebb.dir/build
gmake[1]: вход в каталог «/home/lilu/lilu/cpp_games/cpp_games/less3/game/cmake-build-debug/CMakeFiles/CMakeTmp»
Building C object CMakeFiles/cmTC_07ebb.dir/src.c.o
/usr/bin/cc -DHAVE_ALTIVEC_H_HDR  -idirafter "/home/lilu/lilu/cpp_games/cpp_games/less3/game/engine/libs/SDL2/src/video/khronos" -maltivec -o CMakeFiles/cmTC_07ebb.dir/src.c.o -c /home/lilu/lilu/cpp_games/cpp_games/less3/game/cmake-build-debug/CMakeFiles/CMakeTmp/src.c
cc: ошибка: unrecognized command-line option «-maltivec»
gmake[1]: *** [CMakeFiles/cmTC_07ebb.dir/build.make:78: CMakeFiles/cmTC_07ebb.dir/src.c.o] Ошибка 1
gmake[1]: выход из каталога «/home/lilu/lilu/cpp_games/cpp_games/less3/game/cmake-build-debug/CMakeFiles/CMakeTmp»
gmake: *** [Makefile:127: cmTC_07ebb/fast] Ошибка 2


Source file was:

          #include <altivec.h>
          vector unsigned int vzero() {
              return vec_splat_u32(0);
          }
          int main(int argc, char **argv) { }
Performing C SOURCE FILE Test HAVE_ALTIVEC failed with the following output:
Change Dir: /home/lilu/lilu/cpp_games/cpp_games/less3/game/cmake-build-debug/CMakeFiles/CMakeTmp

Run Build Command(s):/usr/bin/gmake -f Makefile cmTC_5cd2b/fast && /usr/bin/gmake  -f CMakeFiles/cmTC_5cd2b.dir/build.make CMakeFiles/cmTC_5cd2b.dir/build
gmake[1]: вход в каталог «/home/lilu/lilu/cpp_games/cpp_games/less3/game/cmake-build-debug/CMakeFiles/CMakeTmp»
Building C object CMakeFiles/cmTC_5cd2b.dir/src.c.o
/usr/bin/cc -DHAVE_ALTIVEC  -idirafter "/home/lilu/lilu/cpp_games/cpp_games/less3/game/engine/libs/SDL2/src/video/khronos" -maltivec -o CMakeFiles/cmTC_5cd2b.dir/src.c.o -c /home/lilu/lilu/cpp_games/cpp_games/less3/game/cmake-build-debug/CMakeFiles/CMakeTmp/src.c
cc: ошибка: unrecognized command-line option «-maltivec»
gmake[1]: *** [CMakeFiles/cmTC_5cd2b.dir/build.make:78: CMakeFiles/cmTC_5cd2b.dir/src.c.o] Ошибка 1
gmake[1]: выход из каталога «/home/lilu/lilu/cpp_games/cpp_games/less3/game/cmake-build-debug/CMakeFiles/CMakeTmp»
gmake: *** [Makefile:127: cmTC_5cd2b/fast] Ошибка 2


Source file was:

          vector unsigned int vzero() {
              return vec_splat_u32(0);
          }
          int main(int argc, char **argv) { }
Determining if the include file libunwind.h exists failed with the following output:
Change Dir: /home/lilu/lilu/cpp_games/cpp_games/less3/game/cmake-build-debug/CMakeFiles/CMakeTmp

Run Build Command(s):/usr/bin/gmake -f Makefile cmTC_d5f9f/fast && /usr/bin/gmake  -f CMakeFiles/cmTC_d5f9f.dir/build.make CMakeFiles/cmTC_d5f9f.dir/build
gmake[1]: вход в каталог «/home/lilu/lilu/cpp_games/cpp_games/less3/game/cmake-build-debug/CMakeFiles/CMakeTmp»
Building C object CMakeFiles/cmTC_d5f9f.dir/CheckIncludeFile.c.o
/usr/bin/cc   -idirafter "/home/lilu/lilu/cpp_games/cpp_games/less3/game/engine/libs/SDL2/src/video/khronos"  -o CMakeFiles/cmTC_d5f9f.dir/CheckIncludeFile.c.o -c /home/lilu/lilu/cpp_games/cpp_games/less3/game/cmake-build-debug/CMakeFiles/CMakeTmp/CheckIncludeFile.c
/home/lilu/lilu/cpp_games/cpp_games/less3/game/cmake-build-debug/CMakeFiles/CMakeTmp/CheckIncludeFile.c:1:10: фатальная ошибка: libunwind.h: Нет такого файла или каталога
    1 | #include <libunwind.h>
      |          ^~~~~~~~~~~~~
компиляция прервана.
gmake[1]: *** [CMakeFiles/cmTC_d5f9f.dir/build.make:78: CMakeFiles/cmTC_d5f9f.dir/CheckIncludeFile.c.o] Ошибка 1
gmake[1]: выход из каталога «/home/lilu/lilu/cpp_games/cpp_games/less3/game/cmake-build-debug/CMakeFiles/CMakeTmp»
gmake: *** [Makefile:127: cmTC_d5f9f/fast] Ошибка 2



Determining if the strlcpy exist failed with the following output:
Change Dir: /home/lilu/lilu/cpp_games/cpp_games/less3/game/cmake-build-debug/CMakeFiles/CMakeTmp

Run Build Command(s):/usr/bin/gmake -f Makefile cmTC_6c969/fast && /usr/bin/gmake  -f CMakeFiles/cmTC_6c969.dir/build.make CMakeFiles/cmTC_6c969.dir/build
gmake[1]: вход в каталог «/home/lilu/lilu/cpp_games/cpp_games/less3/game/cmake-build-debug/CMakeFiles/CMakeTmp»
Building C object CMakeFiles/cmTC_6c969.dir/CheckSymbolExists.c.o
/usr/bin/cc   -idirafter "/home/lilu/lilu/cpp_games/cpp_games/less3/game/engine/libs/SDL2/src/video/khronos"  -o CMakeFiles/cmTC_6c969.dir/CheckSymbolExists.c.o -c /home/lilu/lilu/cpp_games/cpp_games/less3/game/cmake-build-debug/CMakeFiles/CMakeTmp/CheckSymbolExists.c
/home/lilu/lilu/cpp_games/cpp_games/less3/game/cmake-build-debug/CMakeFiles/CMakeTmp/CheckSymbolExists.c: В функции «main»:
/home/lilu/lilu/cpp_games/cpp_games/less3/game/cmake-build-debug/CMakeFiles/CMakeTmp/CheckSymbolExists.c:14:19: ошибка: «strlcpy» не описан (первое использование в этой функции); имелось в виду «strncpy»?
   14 |   return ((int*)(&strlcpy))[argc];
      |                   ^~~~~~~
      |                   strncpy
/home/lilu/lilu/cpp_games/cpp_games/less3/game/cmake-build-debug/CMakeFiles/CMakeTmp/CheckSymbolExists.c:14:19: замечание: сообщение о каждом неописанном идентификаторе выдается один раз в каждой функции, где он встречается
gmake[1]: *** [CMakeFiles/cmTC_6c969.dir/build.make:78: CMakeFiles/cmTC_6c969.dir/CheckSymbolExists.c.o] Ошибка 1
gmake[1]: выход из каталога «/home/lilu/lilu/cpp_games/cpp_games/less3/game/cmake-build-debug/CMakeFiles/CMakeTmp»
gmake: *** [Makefile:127: cmTC_6c969/fast] Ошибка 2


File /home/lilu/lilu/cpp_games/cpp_games/less3/game/cmake-build-debug/CMakeFiles/CMakeTmp/CheckSymbolExists.c:
/* */
#include <stddef.h>
#include <stdarg.h>
#include <stdlib.h>
#include <string.h>
#include <stdio.h>
#include <wchar.h>
#include <float.h>

int main(int argc, char** argv)
{
  (void)argv;
#ifndef strlcpy
  return ((int*)(&strlcpy))[argc];
#else
  (void)argc;
  return 0;
#endif
}
Determining if the strlcat exist failed with the following output:
Change Dir: /home/lilu/lilu/cpp_games/cpp_games/less3/game/cmake-build-debug/CMakeFiles/CMakeTmp

Run Build Command(s):/usr/bin/gmake -f Makefile cmTC_8371d/fast && /usr/bin/gmake  -f CMakeFiles/cmTC_8371d.dir/build.make CMakeFiles/cmTC_8371d.dir/build
gmake[1]: вход в каталог «/home/lilu/lilu/cpp_games/cpp_games/less3/game/cmake-build-debug/CMakeFiles/CMakeTmp»
Building C object CMakeFiles/cmTC_8371d.dir/CheckSymbolExists.c.o
/usr/bin/cc   -idirafter "/home/lilu/lilu/cpp_games/cpp_games/less3/game/engine/libs/SDL2/src/video/khronos"  -o CMakeFiles/cmTC_8371d.dir/CheckSymbolExists.c.o -c /home/lilu/lilu/cpp_games/cpp_games/less3/game/cmake-build-debug/CMakeFiles/CMakeTmp/CheckSymbolExists.c
/home/lilu/lilu/cpp_games/cpp_games/less3/game/cmake-build-debug/CMakeFiles/CMakeTmp/CheckSymbolExists.c: В функции «main»:
/home/lilu/lilu/cpp_games/cpp_games/less3/game/cmake-build-debug/CMakeFiles/CMakeTmp/CheckSymbolExists.c:14:19: ошибка: «strlcat» не описан (первое использование в этой функции); имелось в виду «strncat»?
   14 |   return ((int*)(&strlcat))[argc];
      |                   ^~~~~~~
      |                   strncat
/home/lilu/lilu/cpp_games/cpp_games/less3/game/cmake-build-debug/CMakeFiles/CMakeTmp/CheckSymbolExists.c:14:19: замечание: сообщение о каждом неописанном идентификаторе выдается один раз в каждой функции, где он встречается
gmake[1]: *** [CMakeFiles/cmTC_8371d.dir/build.make:78: CMakeFiles/cmTC_8371d.dir/CheckSymbolExists.c.o] Ошибка 1
gmake[1]: выход из каталога «/home/lilu/lilu/cpp_games/cpp_games/less3/game/cmake-build-debug/CMakeFiles/CMakeTmp»
gmake: *** [Makefile:127: cmTC_8371d/fast] Ошибка 2


File /home/lilu/lilu/cpp_games/cpp_games/less3/game/cmake-build-debug/CMakeFiles/CMakeTmp/CheckSymbolExists.c:
/* */
#include <stddef.h>
#include <stdarg.h>
#include <stdlib.h>
#include <string.h>
#include <stdio.h>
#include <wchar.h>
#include <float.h>

int main(int argc, char** argv)
{
  (void)argv;
#ifndef strlcat
  return ((int*)(&strlcat))[argc];
#else
  (void)argc;
  return 0;
#endif
}
Determining if the _strrev exist failed with the following output:
Change Dir: /home/lilu/lilu/cpp_games/cpp_games/less3/game/cmake-build-debug/CMakeFiles/CMakeTmp

Run Build Command(s):/usr/bin/gmake -f Makefile cmTC_66923/fast && /usr/bin/gmake  -f CMakeFiles/cmTC_66923.dir/build.make CMakeFiles/cmTC_66923.dir/build
gmake[1]: вход в каталог «/home/lilu/lilu/cpp_games/cpp_games/less3/game/cmake-build-debug/CMakeFiles/CMakeTmp»
Building C object CMakeFiles/cmTC_66923.dir/CheckSymbolExists.c.o
/usr/bin/cc   -idirafter "/home/lilu/lilu/cpp_games/cpp_games/less3/game/engine/libs/SDL2/src/video/khronos"  -o CMakeFiles/cmTC_66923.dir/CheckSymbolExists.c.o -c /home/lilu/lilu/cpp_games/cpp_games/less3/game/cmake-build-debug/CMakeFiles/CMakeTmp/CheckSymbolExists.c
/home/lilu/lilu/cpp_games/cpp_games/less3/game/cmake-build-debug/CMakeFiles/CMakeTmp/CheckSymbolExists.c: В функции «main»:
/home/lilu/lilu/cpp_games/cpp_games/less3/game/cmake-build-debug/CMakeFiles/CMakeTmp/CheckSymbolExists.c:14:19: ошибка: «_strrev» не описан (первое использование в этой функции)
   14 |   return ((int*)(&_strrev))[argc];
      |                   ^~~~~~~
/home/lilu/lilu/cpp_games/cpp_games/less3/game/cmake-build-debug/CMakeFiles/CMakeTmp/CheckSymbolExists.c:14:19: замечание: сообщение о каждом неописанном идентификаторе выдается один раз в каждой функции, где он встречается
gmake[1]: *** [CMakeFiles/cmTC_66923.dir/build.make:78: CMakeFiles/cmTC_66923.dir/CheckSymbolExists.c.o] Ошибка 1
gmake[1]: выход из каталога «/home/lilu/lilu/cpp_games/cpp_games/less3/game/cmake-build-debug/CMakeFiles/CMakeTmp»
gmake: *** [Makefile:127: cmTC_66923/fast] Ошибка 2


File /home/lilu/lilu/cpp_games/cpp_games/less3/game/cmake-build-debug/CMakeFiles/CMakeTmp/CheckSymbolExists.c:
/* */
#include <stddef.h>
#include <stdarg.h>
#include <stdlib.h>
#include <string.h>
#include <stdio.h>
#include <wchar.h>
#include <float.h>

int main(int argc, char** argv)
{
  (void)argv;
#ifndef _strrev
  return ((int*)(&_strrev))[argc];
#else
  (void)argc;
  return 0;
#endif
}
Determining if the _strupr exist failed with the following output:
Change Dir: /home/lilu/lilu/cpp_games/cpp_games/less3/game/cmake-build-debug/CMakeFiles/CMakeTmp

Run Build Command(s):/usr/bin/gmake -f Makefile cmTC_b0056/fast && /usr/bin/gmake  -f CMakeFiles/cmTC_b0056.dir/build.make CMakeFiles/cmTC_b0056.dir/build
gmake[1]: вход в каталог «/home/lilu/lilu/cpp_games/cpp_games/less3/game/cmake-build-debug/CMakeFiles/CMakeTmp»
Building C object CMakeFiles/cmTC_b0056.dir/CheckSymbolExists.c.o
/usr/bin/cc   -idirafter "/home/lilu/lilu/cpp_games/cpp_games/less3/game/engine/libs/SDL2/src/video/khronos"  -o CMakeFiles/cmTC_b0056.dir/CheckSymbolExists.c.o -c /home/lilu/lilu/cpp_games/cpp_games/less3/game/cmake-build-debug/CMakeFiles/CMakeTmp/CheckSymbolExists.c
/home/lilu/lilu/cpp_games/cpp_games/less3/game/cmake-build-debug/CMakeFiles/CMakeTmp/CheckSymbolExists.c: В функции «main»:
/home/lilu/lilu/cpp_games/cpp_games/less3/game/cmake-build-debug/CMakeFiles/CMakeTmp/CheckSymbolExists.c:14:19: ошибка: «_strupr» не описан (первое использование в этой функции)
   14 |   return ((int*)(&_strupr))[argc];
      |                   ^~~~~~~
/home/lilu/lilu/cpp_games/cpp_games/less3/game/cmake-build-debug/CMakeFiles/CMakeTmp/CheckSymbolExists.c:14:19: замечание: сообщение о каждом неописанном идентификаторе выдается один раз в каждой функции, где он встречается
gmake[1]: *** [CMakeFiles/cmTC_b0056.dir/build.make:78: CMakeFiles/cmTC_b0056.dir/CheckSymbolExists.c.o] Ошибка 1
gmake[1]: выход из каталога «/home/lilu/lilu/cpp_games/cpp_games/less3/game/cmake-build-debug/CMakeFiles/CMakeTmp»
gmake: *** [Makefile:127: cmTC_b0056/fast] Ошибка 2


File /home/lilu/lilu/cpp_games/cpp_games/less3/game/cmake-build-debug/CMakeFiles/CMakeTmp/CheckSymbolExists.c:
/* */
#include <stddef.h>
#include <stdarg.h>
#include <stdlib.h>
#include <string.h>
#include <stdio.h>
#include <wchar.h>
#include <float.h>

int main(int argc, char** argv)
{
  (void)argv;
#ifndef _strupr
  return ((int*)(&_strupr))[argc];
#else
  (void)argc;
  return 0;
#endif
}
Determining if the _strlwr exist failed with the following output:
Change Dir: /home/lilu/lilu/cpp_games/cpp_games/less3/game/cmake-build-debug/CMakeFiles/CMakeTmp

Run Build Command(s):/usr/bin/gmake -f Makefile cmTC_ffd18/fast && /usr/bin/gmake  -f CMakeFiles/cmTC_ffd18.dir/build.make CMakeFiles/cmTC_ffd18.dir/build
gmake[1]: вход в каталог «/home/lilu/lilu/cpp_games/cpp_games/less3/game/cmake-build-debug/CMakeFiles/CMakeTmp»
Building C object CMakeFiles/cmTC_ffd18.dir/CheckSymbolExists.c.o
/usr/bin/cc   -idirafter "/home/lilu/lilu/cpp_games/cpp_games/less3/game/engine/libs/SDL2/src/video/khronos"  -o CMakeFiles/cmTC_ffd18.dir/CheckSymbolExists.c.o -c /home/lilu/lilu/cpp_games/cpp_games/less3/game/cmake-build-debug/CMakeFiles/CMakeTmp/CheckSymbolExists.c
/home/lilu/lilu/cpp_games/cpp_games/less3/game/cmake-build-debug/CMakeFiles/CMakeTmp/CheckSymbolExists.c: В функции «main»:
/home/lilu/lilu/cpp_games/cpp_games/less3/game/cmake-build-debug/CMakeFiles/CMakeTmp/CheckSymbolExists.c:14:19: ошибка: «_strlwr» не описан (первое использование в этой функции)
   14 |   return ((int*)(&_strlwr))[argc];
      |                   ^~~~~~~
/home/lilu/lilu/cpp_games/cpp_games/less3/game/cmake-build-debug/CMakeFiles/CMakeTmp/CheckSymbolExists.c:14:19: замечание: сообщение о каждом неописанном идентификаторе выдается один раз в каждой функции, где он встречается
gmake[1]: *** [CMakeFiles/cmTC_ffd18.dir/build.make:78: CMakeFiles/cmTC_ffd18.dir/CheckSymbolExists.c.o] Ошибка 1
gmake[1]: выход из каталога «/home/lilu/lilu/cpp_games/cpp_games/less3/game/cmake-build-debug/CMakeFiles/CMakeTmp»
gmake: *** [Makefile:127: cmTC_ffd18/fast] Ошибка 2


File /home/lilu/lilu/cpp_games/cpp_games/less3/game/cmake-build-debug/CMakeFiles/CMakeTmp/CheckSymbolExists.c:
/* */
#include <stddef.h>
#include <stdarg.h>
#include <stdlib.h>
#include <string.h>
#include <stdio.h>
#include <wchar.h>
#include <float.h>

int main(int argc, char** argv)
{
  (void)argv;
#ifndef _strlwr
  return ((int*)(&_strlwr))[argc];
#else
  (void)argc;
  return 0;
#endif
}
Determining if the itoa exist failed with the following output:
Change Dir: /home/lilu/lilu/cpp_games/cpp_games/less3/game/cmake-build-debug/CMakeFiles/CMakeTmp

Run Build Command(s):/usr/bin/gmake -f Makefile cmTC_7ce61/fast && /usr/bin/gmake  -f CMakeFiles/cmTC_7ce61.dir/build.make CMakeFiles/cmTC_7ce61.dir/build
gmake[1]: вход в каталог «/home/lilu/lilu/cpp_games/cpp_games/less3/game/cmake-build-debug/CMakeFiles/CMakeTmp»
Building C object CMakeFiles/cmTC_7ce61.dir/CheckSymbolExists.c.o
/usr/bin/cc   -idirafter "/home/lilu/lilu/cpp_games/cpp_games/less3/game/engine/libs/SDL2/src/video/khronos"  -o CMakeFiles/cmTC_7ce61.dir/CheckSymbolExists.c.o -c /home/lilu/lilu/cpp_games/cpp_games/less3/game/cmake-build-debug/CMakeFiles/CMakeTmp/CheckSymbolExists.c
/home/lilu/lilu/cpp_games/cpp_games/less3/game/cmake-build-debug/CMakeFiles/CMakeTmp/CheckSymbolExists.c: В функции «main»:
/home/lilu/lilu/cpp_games/cpp_games/less3/game/cmake-build-debug/CMakeFiles/CMakeTmp/CheckSymbolExists.c:14:19: ошибка: «itoa» не описан (первое использование в этой функции)
   14 |   return ((int*)(&itoa))[argc];
      |                   ^~~~
/home/lilu/lilu/cpp_games/cpp_games/less3/game/cmake-build-debug/CMakeFiles/CMakeTmp/CheckSymbolExists.c:14:19: замечание: сообщение о каждом неописанном идентификаторе выдается один раз в каждой функции, где он встречается
gmake[1]: *** [CMakeFiles/cmTC_7ce61.dir/build.make:78: CMakeFiles/cmTC_7ce61.dir/CheckSymbolExists.c.o] Ошибка 1
gmake[1]: выход из каталога «/home/lilu/lilu/cpp_games/cpp_games/less3/game/cmake-build-debug/CMakeFiles/CMakeTmp»
gmake: *** [Makefile:127: cmTC_7ce61/fast] Ошибка 2


File /home/lilu/lilu/cpp_games/cpp_games/less3/game/cmake-build-debug/CMakeFiles/CMakeTmp/CheckSymbolExists.c:
/* */
#include <stddef.h>
#include <stdarg.h>
#include <stdlib.h>
#include <string.h>
#include <stdio.h>
#include <wchar.h>
#include <float.h>

int main(int argc, char** argv)
{
  (void)argv;
#ifndef itoa
  return ((int*)(&itoa))[argc];
#else
  (void)argc;
  return 0;
#endif
}
Determining if the _ltoa exist failed with the following output:
Change Dir: /home/lilu/lilu/cpp_games/cpp_games/less3/game/cmake-build-debug/CMakeFiles/CMakeTmp

Run Build Command(s):/usr/bin/gmake -f Makefile cmTC_8ac81/fast && /usr/bin/gmake  -f CMakeFiles/cmTC_8ac81.dir/build.make CMakeFiles/cmTC_8ac81.dir/build
gmake[1]: вход в каталог «/home/lilu/lilu/cpp_games/cpp_games/less3/game/cmake-build-debug/CMakeFiles/CMakeTmp»
Building C object CMakeFiles/cmTC_8ac81.dir/CheckSymbolExists.c.o
/usr/bin/cc   -idirafter "/home/lilu/lilu/cpp_games/cpp_games/less3/game/engine/libs/SDL2/src/video/khronos"  -o CMakeFiles/cmTC_8ac81.dir/CheckSymbolExists.c.o -c /home/lilu/lilu/cpp_games/cpp_games/less3/game/cmake-build-debug/CMakeFiles/CMakeTmp/CheckSymbolExists.c
/home/lilu/lilu/cpp_games/cpp_games/less3/game/cmake-build-debug/CMakeFiles/CMakeTmp/CheckSymbolExists.c: В функции «main»:
/home/lilu/lilu/cpp_games/cpp_games/less3/game/cmake-build-debug/CMakeFiles/CMakeTmp/CheckSymbolExists.c:14:19: ошибка: «_ltoa» не описан (первое использование в этой функции)
   14 |   return ((int*)(&_ltoa))[argc];
      |                   ^~~~~
/home/lilu/lilu/cpp_games/cpp_games/less3/game/cmake-build-debug/CMakeFiles/CMakeTmp/CheckSymbolExists.c:14:19: замечание: сообщение о каждом неописанном идентификаторе выдается один раз в каждой функции, где он встречается
gmake[1]: *** [CMakeFiles/cmTC_8ac81.dir/build.make:78: CMakeFiles/cmTC_8ac81.dir/CheckSymbolExists.c.o] Ошибка 1
gmake[1]: выход из каталога «/home/lilu/lilu/cpp_games/cpp_games/less3/game/cmake-build-debug/CMakeFiles/CMakeTmp»
gmake: *** [Makefile:127: cmTC_8ac81/fast] Ошибка 2


File /home/lilu/lilu/cpp_games/cpp_games/less3/game/cmake-build-debug/CMakeFiles/CMakeTmp/CheckSymbolExists.c:
/* */
#include <stddef.h>
#include <stdarg.h>
#include <stdlib.h>
#include <string.h>
#include <stdio.h>
#include <wchar.h>
#include <float.h>

int main(int argc, char** argv)
{
  (void)argv;
#ifndef _ltoa
  return ((int*)(&_ltoa))[argc];
#else
  (void)argc;
  return 0;
#endif
}
Determining if the _uitoa exist failed with the following output:
Change Dir: /home/lilu/lilu/cpp_games/cpp_games/less3/game/cmake-build-debug/CMakeFiles/CMakeTmp

Run Build Command(s):/usr/bin/gmake -f Makefile cmTC_8ebfe/fast && /usr/bin/gmake  -f CMakeFiles/cmTC_8ebfe.dir/build.make CMakeFiles/cmTC_8ebfe.dir/build
gmake[1]: вход в каталог «/home/lilu/lilu/cpp_games/cpp_games/less3/game/cmake-build-debug/CMakeFiles/CMakeTmp»
Building C object CMakeFiles/cmTC_8ebfe.dir/CheckSymbolExists.c.o
/usr/bin/cc   -idirafter "/home/lilu/lilu/cpp_games/cpp_games/less3/game/engine/libs/SDL2/src/video/khronos"  -o CMakeFiles/cmTC_8ebfe.dir/CheckSymbolExists.c.o -c /home/lilu/lilu/cpp_games/cpp_games/less3/game/cmake-build-debug/CMakeFiles/CMakeTmp/CheckSymbolExists.c
/home/lilu/lilu/cpp_games/cpp_games/less3/game/cmake-build-debug/CMakeFiles/CMakeTmp/CheckSymbolExists.c: В функции «main»:
/home/lilu/lilu/cpp_games/cpp_games/less3/game/cmake-build-debug/CMakeFiles/CMakeTmp/CheckSymbolExists.c:14:19: ошибка: «_uitoa» не описан (первое использование в этой функции)
   14 |   return ((int*)(&_uitoa))[argc];
      |                   ^~~~~~
/home/lilu/lilu/cpp_games/cpp_games/less3/game/cmake-build-debug/CMakeFiles/CMakeTmp/CheckSymbolExists.c:14:19: замечание: сообщение о каждом неописанном идентификаторе выдается один раз в каждой функции, где он встречается
gmake[1]: *** [CMakeFiles/cmTC_8ebfe.dir/build.make:78: CMakeFiles/cmTC_8ebfe.dir/CheckSymbolExists.c.o] Ошибка 1
gmake[1]: выход из каталога «/home/lilu/lilu/cpp_games/cpp_games/less3/game/cmake-build-debug/CMakeFiles/CMakeTmp»
gmake: *** [Makefile:127: cmTC_8ebfe/fast] Ошибка 2


File /home/lilu/lilu/cpp_games/cpp_games/less3/game/cmake-build-debug/CMakeFiles/CMakeTmp/CheckSymbolExists.c:
/* */
#include <stddef.h>
#include <stdarg.h>
#include <stdlib.h>
#include <string.h>
#include <stdio.h>
#include <wchar.h>
#include <float.h>

int main(int argc, char** argv)
{
  (void)argv;
#ifndef _uitoa
  return ((int*)(&_uitoa))[argc];
#else
  (void)argc;
  return 0;
#endif
}
Determining if the _ultoa exist failed with the following output:
Change Dir: /home/lilu/lilu/cpp_games/cpp_games/less3/game/cmake-build-debug/CMakeFiles/CMakeTmp

Run Build Command(s):/usr/bin/gmake -f Makefile cmTC_acd00/fast && /usr/bin/gmake  -f CMakeFiles/cmTC_acd00.dir/build.make CMakeFiles/cmTC_acd00.dir/build
gmake[1]: вход в каталог «/home/lilu/lilu/cpp_games/cpp_games/less3/game/cmake-build-debug/CMakeFiles/CMakeTmp»
Building C object CMakeFiles/cmTC_acd00.dir/CheckSymbolExists.c.o
/usr/bin/cc   -idirafter "/home/lilu/lilu/cpp_games/cpp_games/less3/game/engine/libs/SDL2/src/video/khronos"  -o CMakeFiles/cmTC_acd00.dir/CheckSymbolExists.c.o -c /home/lilu/lilu/cpp_games/cpp_games/less3/game/cmake-build-debug/CMakeFiles/CMakeTmp/CheckSymbolExists.c
/home/lilu/lilu/cpp_games/cpp_games/less3/game/cmake-build-debug/CMakeFiles/CMakeTmp/CheckSymbolExists.c: В функции «main»:
/home/lilu/lilu/cpp_games/cpp_games/less3/game/cmake-build-debug/CMakeFiles/CMakeTmp/CheckSymbolExists.c:14:19: ошибка: «_ultoa» не описан (первое использование в этой функции)
   14 |   return ((int*)(&_ultoa))[argc];
      |                   ^~~~~~
/home/lilu/lilu/cpp_games/cpp_games/less3/game/cmake-build-debug/CMakeFiles/CMakeTmp/CheckSymbolExists.c:14:19: замечание: сообщение о каждом неописанном идентификаторе выдается один раз в каждой функции, где он встречается
gmake[1]: *** [CMakeFiles/cmTC_acd00.dir/build.make:78: CMakeFiles/cmTC_acd00.dir/CheckSymbolExists.c.o] Ошибка 1
gmake[1]: выход из каталога «/home/lilu/lilu/cpp_games/cpp_games/less3/game/cmake-build-debug/CMakeFiles/CMakeTmp»
gmake: *** [Makefile:127: cmTC_acd00/fast] Ошибка 2


File /home/lilu/lilu/cpp_games/cpp_games/less3/game/cmake-build-debug/CMakeFiles/CMakeTmp/CheckSymbolExists.c:
/* */
#include <stddef.h>
#include <stdarg.h>
#include <stdlib.h>
#include <string.h>
#include <stdio.h>
#include <wchar.h>
#include <float.h>

int main(int argc, char** argv)
{
  (void)argv;
#ifndef _ultoa
  return ((int*)(&_ultoa))[argc];
#else
  (void)argc;
  return 0;
#endif
}
Determining if the _i64toa exist failed with the following output:
Change Dir: /home/lilu/lilu/cpp_games/cpp_games/less3/game/cmake-build-debug/CMakeFiles/CMakeTmp

Run Build Command(s):/usr/bin/gmake -f Makefile cmTC_785d1/fast && /usr/bin/gmake  -f CMakeFiles/cmTC_785d1.dir/build.make CMakeFiles/cmTC_785d1.dir/build
gmake[1]: вход в каталог «/home/lilu/lilu/cpp_games/cpp_games/less3/game/cmake-build-debug/CMakeFiles/CMakeTmp»
Building C object CMakeFiles/cmTC_785d1.dir/CheckSymbolExists.c.o
/usr/bin/cc   -idirafter "/home/lilu/lilu/cpp_games/cpp_games/less3/game/engine/libs/SDL2/src/video/khronos"  -o CMakeFiles/cmTC_785d1.dir/CheckSymbolExists.c.o -c /home/lilu/lilu/cpp_games/cpp_games/less3/game/cmake-build-debug/CMakeFiles/CMakeTmp/CheckSymbolExists.c
/home/lilu/lilu/cpp_games/cpp_games/less3/game/cmake-build-debug/CMakeFiles/CMakeTmp/CheckSymbolExists.c: В функции «main»:
/home/lilu/lilu/cpp_games/cpp_games/less3/game/cmake-build-debug/CMakeFiles/CMakeTmp/CheckSymbolExists.c:14:19: ошибка: «_i64toa» не описан (первое использование в этой функции)
   14 |   return ((int*)(&_i64toa))[argc];
      |                   ^~~~~~~
/home/lilu/lilu/cpp_games/cpp_games/less3/game/cmake-build-debug/CMakeFiles/CMakeTmp/CheckSymbolExists.c:14:19: замечание: сообщение о каждом неописанном идентификаторе выдается один раз в каждой функции, где он встречается
gmake[1]: *** [CMakeFiles/cmTC_785d1.dir/build.make:78: CMakeFiles/cmTC_785d1.dir/CheckSymbolExists.c.o] Ошибка 1
gmake[1]: выход из каталога «/home/lilu/lilu/cpp_games/cpp_games/less3/game/cmake-build-debug/CMakeFiles/CMakeTmp»
gmake: *** [Makefile:127: cmTC_785d1/fast] Ошибка 2


File /home/lilu/lilu/cpp_games/cpp_games/less3/game/cmake-build-debug/CMakeFiles/CMakeTmp/CheckSymbolExists.c:
/* */
#include <stddef.h>
#include <stdarg.h>
#include <stdlib.h>
#include <string.h>
#include <stdio.h>
#include <wchar.h>
#include <float.h>

int main(int argc, char** argv)
{
  (void)argv;
#ifndef _i64toa
  return ((int*)(&_i64toa))[argc];
#else
  (void)argc;
  return 0;
#endif
}
Determining if the _ui64toa exist failed with the following output:
Change Dir: /home/lilu/lilu/cpp_games/cpp_games/less3/game/cmake-build-debug/CMakeFiles/CMakeTmp

Run Build Command(s):/usr/bin/gmake -f Makefile cmTC_84474/fast && /usr/bin/gmake  -f CMakeFiles/cmTC_84474.dir/build.make CMakeFiles/cmTC_84474.dir/build
gmake[1]: вход в каталог «/home/lilu/lilu/cpp_games/cpp_games/less3/game/cmake-build-debug/CMakeFiles/CMakeTmp»
Building C object CMakeFiles/cmTC_84474.dir/CheckSymbolExists.c.o
/usr/bin/cc   -idirafter "/home/lilu/lilu/cpp_games/cpp_games/less3/game/engine/libs/SDL2/src/video/khronos"  -o CMakeFiles/cmTC_84474.dir/CheckSymbolExists.c.o -c /home/lilu/lilu/cpp_games/cpp_games/less3/game/cmake-build-debug/CMakeFiles/CMakeTmp/CheckSymbolExists.c
/home/lilu/lilu/cpp_games/cpp_games/less3/game/cmake-build-debug/CMakeFiles/CMakeTmp/CheckSymbolExists.c: В функции «main»:
/home/lilu/lilu/cpp_games/cpp_games/less3/game/cmake-build-debug/CMakeFiles/CMakeTmp/CheckSymbolExists.c:14:19: ошибка: «_ui64toa» не описан (первое использование в этой функции)
   14 |   return ((int*)(&_ui64toa))[argc];
      |                   ^~~~~~~~
/home/lilu/lilu/cpp_games/cpp_games/less3/game/cmake-build-debug/CMakeFiles/CMakeTmp/CheckSymbolExists.c:14:19: замечание: сообщение о каждом неописанном идентификаторе выдается один раз в каждой функции, где он встречается
gmake[1]: *** [CMakeFiles/cmTC_84474.dir/build.make:78: CMakeFiles/cmTC_84474.dir/CheckSymbolExists.c.o] Ошибка 1
gmake[1]: выход из каталога «/home/lilu/lilu/cpp_games/cpp_games/less3/game/cmake-build-debug/CMakeFiles/CMakeTmp»
gmake: *** [Makefile:127: cmTC_84474/fast] Ошибка 2


File /home/lilu/lilu/cpp_games/cpp_games/less3/game/cmake-build-debug/CMakeFiles/CMakeTmp/CheckSymbolExists.c:
/* */
#include <stddef.h>
#include <stdarg.h>
#include <stdlib.h>
#include <string.h>
#include <stdio.h>
#include <wchar.h>
#include <float.h>

int main(int argc, char** argv)
{
  (void)argv;
#ifndef _ui64toa
  return ((int*)(&_ui64toa))[argc];
#else
  (void)argc;
  return 0;
#endif
}
Determining if the _stricmp exist failed with the following output:
Change Dir: /home/lilu/lilu/cpp_games/cpp_games/less3/game/cmake-build-debug/CMakeFiles/CMakeTmp

Run Build Command(s):/usr/bin/gmake -f Makefile cmTC_d1edc/fast && /usr/bin/gmake  -f CMakeFiles/cmTC_d1edc.dir/build.make CMakeFiles/cmTC_d1edc.dir/build
gmake[1]: вход в каталог «/home/lilu/lilu/cpp_games/cpp_games/less3/game/cmake-build-debug/CMakeFiles/CMakeTmp»
Building C object CMakeFiles/cmTC_d1edc.dir/CheckSymbolExists.c.o
/usr/bin/cc   -idirafter "/home/lilu/lilu/cpp_games/cpp_games/less3/game/engine/libs/SDL2/src/video/khronos"  -o CMakeFiles/cmTC_d1edc.dir/CheckSymbolExists.c.o -c /home/lilu/lilu/cpp_games/cpp_games/less3/game/cmake-build-debug/CMakeFiles/CMakeTmp/CheckSymbolExists.c
/home/lilu/lilu/cpp_games/cpp_games/less3/game/cmake-build-debug/CMakeFiles/CMakeTmp/CheckSymbolExists.c: В функции «main»:
/home/lilu/lilu/cpp_games/cpp_games/less3/game/cmake-build-debug/CMakeFiles/CMakeTmp/CheckSymbolExists.c:14:19: ошибка: «_stricmp» не описан (первое использование в этой функции); имелось в виду «strncmp»?
   14 |   return ((int*)(&_stricmp))[argc];
      |                   ^~~~~~~~
      |                   strncmp
/home/lilu/lilu/cpp_games/cpp_games/less3/game/cmake-build-debug/CMakeFiles/CMakeTmp/CheckSymbolExists.c:14:19: замечание: сообщение о каждом неописанном идентификаторе выдается один раз в каждой функции, где он встречается
gmake[1]: *** [CMakeFiles/cmTC_d1edc.dir/build.make:78: CMakeFiles/cmTC_d1edc.dir/CheckSymbolExists.c.o] Ошибка 1
gmake[1]: выход из каталога «/home/lilu/lilu/cpp_games/cpp_games/less3/game/cmake-build-debug/CMakeFiles/CMakeTmp»
gmake: *** [Makefile:127: cmTC_d1edc/fast] Ошибка 2


File /home/lilu/lilu/cpp_games/cpp_games/less3/game/cmake-build-debug/CMakeFiles/CMakeTmp/CheckSymbolExists.c:
/* */
#include <stddef.h>
#include <stdarg.h>
#include <stdlib.h>
#include <string.h>
#include <stdio.h>
#include <wchar.h>
#include <float.h>

int main(int argc, char** argv)
{
  (void)argv;
#ifndef _stricmp
  return ((int*)(&_stricmp))[argc];
#else
  (void)argc;
  return 0;
#endif
}
Determining if the _strnicmp exist failed with the following output:
Change Dir: /home/lilu/lilu/cpp_games/cpp_games/less3/game/cmake-build-debug/CMakeFiles/CMakeTmp

Run Build Command(s):/usr/bin/gmake -f Makefile cmTC_a2bba/fast && /usr/bin/gmake  -f CMakeFiles/cmTC_a2bba.dir/build.make CMakeFiles/cmTC_a2bba.dir/build
gmake[1]: вход в каталог «/home/lilu/lilu/cpp_games/cpp_games/less3/game/cmake-build-debug/CMakeFiles/CMakeTmp»
Building C object CMakeFiles/cmTC_a2bba.dir/CheckSymbolExists.c.o
/usr/bin/cc   -idirafter "/home/lilu/lilu/cpp_games/cpp_games/less3/game/engine/libs/SDL2/src/video/khronos"  -o CMakeFiles/cmTC_a2bba.dir/CheckSymbolExists.c.o -c /home/lilu/lilu/cpp_games/cpp_games/less3/game/cmake-build-debug/CMakeFiles/CMakeTmp/CheckSymbolExists.c
/home/lilu/lilu/cpp_games/cpp_games/less3/game/cmake-build-debug/CMakeFiles/CMakeTmp/CheckSymbolExists.c: В функции «main»:
/home/lilu/lilu/cpp_games/cpp_games/less3/game/cmake-build-debug/CMakeFiles/CMakeTmp/CheckSymbolExists.c:14:19: ошибка: «_strnicmp» не описан (первое использование в этой функции); имелось в виду «strncmp»?
   14 |   return ((int*)(&_strnicmp))[argc];
      |                   ^~~~~~~~~
      |                   strncmp
/home/lilu/lilu/cpp_games/cpp_games/less3/game/cmake-build-debug/CMakeFiles/CMakeTmp/CheckSymbolExists.c:14:19: замечание: сообщение о каждом неописанном идентификаторе выдается один раз в каждой функции, где он встречается
gmake[1]: *** [CMakeFiles/cmTC_a2bba.dir/build.make:78: CMakeFiles/cmTC_a2bba.dir/CheckSymbolExists.c.o] Ошибка 1
gmake[1]: выход из каталога «/home/lilu/lilu/cpp_games/cpp_games/less3/game/cmake-build-debug/CMakeFiles/CMakeTmp»
gmake: *** [Makefile:127: cmTC_a2bba/fast] Ошибка 2


File /home/lilu/lilu/cpp_games/cpp_games/less3/game/cmake-build-debug/CMakeFiles/CMakeTmp/CheckSymbolExists.c:
/* */
#include <stddef.h>
#include <stdarg.h>
#include <stdlib.h>
#include <string.h>
#include <stdio.h>
#include <wchar.h>
#include <float.h>

int main(int argc, char** argv)
{
  (void)argv;
#ifndef _strnicmp
  return ((int*)(&_strnicmp))[argc];
#else
  (void)argc;
  return 0;
#endif
}
Determining if the _wcsdup exist failed with the following output:
Change Dir: /home/lilu/lilu/cpp_games/cpp_games/less3/game/cmake-build-debug/CMakeFiles/CMakeTmp

Run Build Command(s):/usr/bin/gmake -f Makefile cmTC_b808a/fast && /usr/bin/gmake  -f CMakeFiles/cmTC_b808a.dir/build.make CMakeFiles/cmTC_b808a.dir/build
gmake[1]: вход в каталог «/home/lilu/lilu/cpp_games/cpp_games/less3/game/cmake-build-debug/CMakeFiles/CMakeTmp»
Building C object CMakeFiles/cmTC_b808a.dir/CheckSymbolExists.c.o
/usr/bin/cc   -idirafter "/home/lilu/lilu/cpp_games/cpp_games/less3/game/engine/libs/SDL2/src/video/khronos"  -o CMakeFiles/cmTC_b808a.dir/CheckSymbolExists.c.o -c /home/lilu/lilu/cpp_games/cpp_games/less3/game/cmake-build-debug/CMakeFiles/CMakeTmp/CheckSymbolExists.c
/home/lilu/lilu/cpp_games/cpp_games/less3/game/cmake-build-debug/CMakeFiles/CMakeTmp/CheckSymbolExists.c: В функции «main»:
/home/lilu/lilu/cpp_games/cpp_games/less3/game/cmake-build-debug/CMakeFiles/CMakeTmp/CheckSymbolExists.c:14:19: ошибка: «_wcsdup» не описан (первое использование в этой функции); имелось в виду «wcsdup»?
   14 |   return ((int*)(&_wcsdup))[argc];
      |                   ^~~~~~~
      |                   wcsdup
/home/lilu/lilu/cpp_games/cpp_games/less3/game/cmake-build-debug/CMakeFiles/CMakeTmp/CheckSymbolExists.c:14:19: замечание: сообщение о каждом неописанном идентификаторе выдается один раз в каждой функции, где он встречается
gmake[1]: *** [CMakeFiles/cmTC_b808a.dir/build.make:78: CMakeFiles/cmTC_b808a.dir/CheckSymbolExists.c.o] Ошибка 1
gmake[1]: выход из каталога «/home/lilu/lilu/cpp_games/cpp_games/less3/game/cmake-build-debug/CMakeFiles/CMakeTmp»
gmake: *** [Makefile:127: cmTC_b808a/fast] Ошибка 2


File /home/lilu/lilu/cpp_games/cpp_games/less3/game/cmake-build-debug/CMakeFiles/CMakeTmp/CheckSymbolExists.c:
/* */
#include <stddef.h>
#include <stdarg.h>
#include <stdlib.h>
#include <string.h>
#include <stdio.h>
#include <wchar.h>
#include <float.h>

int main(int argc, char** argv)
{
  (void)argv;
#ifndef _wcsdup
  return ((int*)(&_wcsdup))[argc];
#else
  (void)argc;
  return 0;
#endif
}
Determining if the wcslcat exist failed with the following output:
Change Dir: /home/lilu/lilu/cpp_games/cpp_games/less3/game/cmake-build-debug/CMakeFiles/CMakeTmp

Run Build Command(s):/usr/bin/gmake -f Makefile cmTC_a1f02/fast && /usr/bin/gmake  -f CMakeFiles/cmTC_a1f02.dir/build.make CMakeFiles/cmTC_a1f02.dir/build
gmake[1]: вход в каталог «/home/lilu/lilu/cpp_games/cpp_games/less3/game/cmake-build-debug/CMakeFiles/CMakeTmp»
Building C object CMakeFiles/cmTC_a1f02.dir/CheckSymbolExists.c.o
/usr/bin/cc   -idirafter "/home/lilu/lilu/cpp_games/cpp_games/less3/game/engine/libs/SDL2/src/video/khronos"  -o CMakeFiles/cmTC_a1f02.dir/CheckSymbolExists.c.o -c /home/lilu/lilu/cpp_games/cpp_games/less3/game/cmake-build-debug/CMakeFiles/CMakeTmp/CheckSymbolExists.c
/home/lilu/lilu/cpp_games/cpp_games/less3/game/cmake-build-debug/CMakeFiles/CMakeTmp/CheckSymbolExists.c: В функции «main»:
/home/lilu/lilu/cpp_games/cpp_games/less3/game/cmake-build-debug/CMakeFiles/CMakeTmp/CheckSymbolExists.c:14:19: ошибка: «wcslcat» не описан (первое использование в этой функции); имелось в виду «wcsncat»?
   14 |   return ((int*)(&wcslcat))[argc];
      |                   ^~~~~~~
      |                   wcsncat
/home/lilu/lilu/cpp_games/cpp_games/less3/game/cmake-build-debug/CMakeFiles/CMakeTmp/CheckSymbolExists.c:14:19: замечание: сообщение о каждом неописанном идентификаторе выдается один раз в каждой функции, где он встречается
gmake[1]: *** [CMakeFiles/cmTC_a1f02.dir/build.make:78: CMakeFiles/cmTC_a1f02.dir/CheckSymbolExists.c.o] Ошибка 1
gmake[1]: выход из каталога «/home/lilu/lilu/cpp_games/cpp_games/less3/game/cmake-build-debug/CMakeFiles/CMakeTmp»
gmake: *** [Makefile:127: cmTC_a1f02/fast] Ошибка 2


File /home/lilu/lilu/cpp_games/cpp_games/less3/game/cmake-build-debug/CMakeFiles/CMakeTmp/CheckSymbolExists.c:
/* */
#include <stddef.h>
#include <stdarg.h>
#include <stdlib.h>
#include <string.h>
#include <stdio.h>
#include <wchar.h>
#include <float.h>

int main(int argc, char** argv)
{
  (void)argv;
#ifndef wcslcat
  return ((int*)(&wcslcat))[argc];
#else
  (void)argc;
  return 0;
#endif
}
Determining if the wcslcpy exist failed with the following output:
Change Dir: /home/lilu/lilu/cpp_games/cpp_games/less3/game/cmake-build-debug/CMakeFiles/CMakeTmp

Run Build Command(s):/usr/bin/gmake -f Makefile cmTC_b1c0f/fast && /usr/bin/gmake  -f CMakeFiles/cmTC_b1c0f.dir/build.make CMakeFiles/cmTC_b1c0f.dir/build
gmake[1]: вход в каталог «/home/lilu/lilu/cpp_games/cpp_games/less3/game/cmake-build-debug/CMakeFiles/CMakeTmp»
Building C object CMakeFiles/cmTC_b1c0f.dir/CheckSymbolExists.c.o
/usr/bin/cc   -idirafter "/home/lilu/lilu/cpp_games/cpp_games/less3/game/engine/libs/SDL2/src/video/khronos"  -o CMakeFiles/cmTC_b1c0f.dir/CheckSymbolExists.c.o -c /home/lilu/lilu/cpp_games/cpp_games/less3/game/cmake-build-debug/CMakeFiles/CMakeTmp/CheckSymbolExists.c
/home/lilu/lilu/cpp_games/cpp_games/less3/game/cmake-build-debug/CMakeFiles/CMakeTmp/CheckSymbolExists.c: В функции «main»:
/home/lilu/lilu/cpp_games/cpp_games/less3/game/cmake-build-debug/CMakeFiles/CMakeTmp/CheckSymbolExists.c:14:19: ошибка: «wcslcpy» не описан (первое использование в этой функции); имелось в виду «wcsncpy»?
   14 |   return ((int*)(&wcslcpy))[argc];
      |                   ^~~~~~~
      |                   wcsncpy
/home/lilu/lilu/cpp_games/cpp_games/less3/game/cmake-build-debug/CMakeFiles/CMakeTmp/CheckSymbolExists.c:14:19: замечание: сообщение о каждом неописанном идентификаторе выдается один раз в каждой функции, где он встречается
gmake[1]: *** [CMakeFiles/cmTC_b1c0f.dir/build.make:78: CMakeFiles/cmTC_b1c0f.dir/CheckSymbolExists.c.o] Ошибка 1
gmake[1]: выход из каталога «/home/lilu/lilu/cpp_games/cpp_games/less3/game/cmake-build-debug/CMakeFiles/CMakeTmp»
gmake: *** [Makefile:127: cmTC_b1c0f/fast] Ошибка 2


File /home/lilu/lilu/cpp_games/cpp_games/less3/game/cmake-build-debug/CMakeFiles/CMakeTmp/CheckSymbolExists.c:
/* */
#include <stddef.h>
#include <stdarg.h>
#include <stdlib.h>
#include <string.h>
#include <stdio.h>
#include <wchar.h>
#include <float.h>

int main(int argc, char** argv)
{
  (void)argv;
#ifndef wcslcpy
  return ((int*)(&wcslcpy))[argc];
#else
  (void)argc;
  return 0;
#endif
}
Determining if the _wcsicmp exist failed with the following output:
Change Dir: /home/lilu/lilu/cpp_games/cpp_games/less3/game/cmake-build-debug/CMakeFiles/CMakeTmp

Run Build Command(s):/usr/bin/gmake -f Makefile cmTC_a65e5/fast && /usr/bin/gmake  -f CMakeFiles/cmTC_a65e5.dir/build.make CMakeFiles/cmTC_a65e5.dir/build
gmake[1]: вход в каталог «/home/lilu/lilu/cpp_games/cpp_games/less3/game/cmake-build-debug/CMakeFiles/CMakeTmp»
Building C object CMakeFiles/cmTC_a65e5.dir/CheckSymbolExists.c.o
/usr/bin/cc   -idirafter "/home/lilu/lilu/cpp_games/cpp_games/less3/game/engine/libs/SDL2/src/video/khronos"  -o CMakeFiles/cmTC_a65e5.dir/CheckSymbolExists.c.o -c /home/lilu/lilu/cpp_games/cpp_games/less3/game/cmake-build-debug/CMakeFiles/CMakeTmp/CheckSymbolExists.c
/home/lilu/lilu/cpp_games/cpp_games/less3/game/cmake-build-debug/CMakeFiles/CMakeTmp/CheckSymbolExists.c: В функции «main»:
/home/lilu/lilu/cpp_games/cpp_games/less3/game/cmake-build-debug/CMakeFiles/CMakeTmp/CheckSymbolExists.c:14:19: ошибка: «_wcsicmp» не описан (первое использование в этой функции); имелось в виду «wcsncmp»?
   14 |   return ((int*)(&_wcsicmp))[argc];
      |                   ^~~~~~~~
      |                   wcsncmp
/home/lilu/lilu/cpp_games/cpp_games/less3/game/cmake-build-debug/CMakeFiles/CMakeTmp/CheckSymbolExists.c:14:19: замечание: сообщение о каждом неописанном идентификаторе выдается один раз в каждой функции, где он встречается
gmake[1]: *** [CMakeFiles/cmTC_a65e5.dir/build.make:78: CMakeFiles/cmTC_a65e5.dir/CheckSymbolExists.c.o] Ошибка 1
gmake[1]: выход из каталога «/home/lilu/lilu/cpp_games/cpp_games/less3/game/cmake-build-debug/CMakeFiles/CMakeTmp»
gmake: *** [Makefile:127: cmTC_a65e5/fast] Ошибка 2


File /home/lilu/lilu/cpp_games/cpp_games/less3/game/cmake-build-debug/CMakeFiles/CMakeTmp/CheckSymbolExists.c:
/* */
#include <stddef.h>
#include <stdarg.h>
#include <stdlib.h>
#include <string.h>
#include <stdio.h>
#include <wchar.h>
#include <float.h>

int main(int argc, char** argv)
{
  (void)argv;
#ifndef _wcsicmp
  return ((int*)(&_wcsicmp))[argc];
#else
  (void)argc;
  return 0;
#endif
}
Determining if the _wcsnicmp exist failed with the following output:
Change Dir: /home/lilu/lilu/cpp_games/cpp_games/less3/game/cmake-build-debug/CMakeFiles/CMakeTmp

Run Build Command(s):/usr/bin/gmake -f Makefile cmTC_87561/fast && /usr/bin/gmake  -f CMakeFiles/cmTC_87561.dir/build.make CMakeFiles/cmTC_87561.dir/build
gmake[1]: вход в каталог «/home/lilu/lilu/cpp_games/cpp_games/less3/game/cmake-build-debug/CMakeFiles/CMakeTmp»
Building C object CMakeFiles/cmTC_87561.dir/CheckSymbolExists.c.o
/usr/bin/cc   -idirafter "/home/lilu/lilu/cpp_games/cpp_games/less3/game/engine/libs/SDL2/src/video/khronos"  -o CMakeFiles/cmTC_87561.dir/CheckSymbolExists.c.o -c /home/lilu/lilu/cpp_games/cpp_games/less3/game/cmake-build-debug/CMakeFiles/CMakeTmp/CheckSymbolExists.c
/home/lilu/lilu/cpp_games/cpp_games/less3/game/cmake-build-debug/CMakeFiles/CMakeTmp/CheckSymbolExists.c: В функции «main»:
/home/lilu/lilu/cpp_games/cpp_games/less3/game/cmake-build-debug/CMakeFiles/CMakeTmp/CheckSymbolExists.c:14:19: ошибка: «_wcsnicmp» не описан (первое использование в этой функции); имелось в виду «wcsncmp»?
   14 |   return ((int*)(&_wcsnicmp))[argc];
      |                   ^~~~~~~~~
      |                   wcsncmp
/home/lilu/lilu/cpp_games/cpp_games/less3/game/cmake-build-debug/CMakeFiles/CMakeTmp/CheckSymbolExists.c:14:19: замечание: сообщение о каждом неописанном идентификаторе выдается один раз в каждой функции, где он встречается
gmake[1]: *** [CMakeFiles/cmTC_87561.dir/build.make:78: CMakeFiles/cmTC_87561.dir/CheckSymbolExists.c.o] Ошибка 1
gmake[1]: выход из каталога «/home/lilu/lilu/cpp_games/cpp_games/less3/game/cmake-build-debug/CMakeFiles/CMakeTmp»
gmake: *** [Makefile:127: cmTC_87561/fast] Ошибка 2


File /home/lilu/lilu/cpp_games/cpp_games/less3/game/cmake-build-debug/CMakeFiles/CMakeTmp/CheckSymbolExists.c:
/* */
#include <stddef.h>
#include <stdarg.h>
#include <stdlib.h>
#include <string.h>
#include <stdio.h>
#include <wchar.h>
#include <float.h>

int main(int argc, char** argv)
{
  (void)argv;
#ifndef _wcsnicmp
  return ((int*)(&_wcsnicmp))[argc];
#else
  (void)argc;
  return 0;
#endif
}
Determining if the fopen64 exist failed with the following output:
Change Dir: /home/lilu/lilu/cpp_games/cpp_games/less3/game/cmake-build-debug/CMakeFiles/CMakeTmp

Run Build Command(s):/usr/bin/gmake -f Makefile cmTC_ff10a/fast && /usr/bin/gmake  -f CMakeFiles/cmTC_ff10a.dir/build.make CMakeFiles/cmTC_ff10a.dir/build
gmake[1]: вход в каталог «/home/lilu/lilu/cpp_games/cpp_games/less3/game/cmake-build-debug/CMakeFiles/CMakeTmp»
Building C object CMakeFiles/cmTC_ff10a.dir/CheckSymbolExists.c.o
/usr/bin/cc   -idirafter "/home/lilu/lilu/cpp_games/cpp_games/less3/game/engine/libs/SDL2/src/video/khronos"  -o CMakeFiles/cmTC_ff10a.dir/CheckSymbolExists.c.o -c /home/lilu/lilu/cpp_games/cpp_games/less3/game/cmake-build-debug/CMakeFiles/CMakeTmp/CheckSymbolExists.c
/home/lilu/lilu/cpp_games/cpp_games/less3/game/cmake-build-debug/CMakeFiles/CMakeTmp/CheckSymbolExists.c: В функции «main»:
/home/lilu/lilu/cpp_games/cpp_games/less3/game/cmake-build-debug/CMakeFiles/CMakeTmp/CheckSymbolExists.c:14:19: ошибка: «fopen64» не описан (первое использование в этой функции); имелось в виду «fopen»?
   14 |   return ((int*)(&fopen64))[argc];
      |                   ^~~~~~~
      |                   fopen
/home/lilu/lilu/cpp_games/cpp_games/less3/game/cmake-build-debug/CMakeFiles/CMakeTmp/CheckSymbolExists.c:14:19: замечание: сообщение о каждом неописанном идентификаторе выдается один раз в каждой функции, где он встречается
gmake[1]: *** [CMakeFiles/cmTC_ff10a.dir/build.make:78: CMakeFiles/cmTC_ff10a.dir/CheckSymbolExists.c.o] Ошибка 1
gmake[1]: выход из каталога «/home/lilu/lilu/cpp_games/cpp_games/less3/game/cmake-build-debug/CMakeFiles/CMakeTmp»
gmake: *** [Makefile:127: cmTC_ff10a/fast] Ошибка 2


File /home/lilu/lilu/cpp_games/cpp_games/less3/game/cmake-build-debug/CMakeFiles/CMakeTmp/CheckSymbolExists.c:
/* */
#include <stddef.h>
#include <stdarg.h>
#include <stdlib.h>
#include <string.h>
#include <stdio.h>
#include <wchar.h>
#include <float.h>

int main(int argc, char** argv)
{
  (void)argv;
#ifndef fopen64
  return ((int*)(&fopen64))[argc];
#else
  (void)argc;
  return 0;
#endif
}
Determining if the fseeko64 exist failed with the following output:
Change Dir: /home/lilu/lilu/cpp_games/cpp_games/less3/game/cmake-build-debug/CMakeFiles/CMakeTmp

Run Build Command(s):/usr/bin/gmake -f Makefile cmTC_3ccf7/fast && /usr/bin/gmake  -f CMakeFiles/cmTC_3ccf7.dir/build.make CMakeFiles/cmTC_3ccf7.dir/build
gmake[1]: вход в каталог «/home/lilu/lilu/cpp_games/cpp_games/less3/game/cmake-build-debug/CMakeFiles/CMakeTmp»
Building C object CMakeFiles/cmTC_3ccf7.dir/CheckSymbolExists.c.o
/usr/bin/cc   -idirafter "/home/lilu/lilu/cpp_games/cpp_games/less3/game/engine/libs/SDL2/src/video/khronos"  -o CMakeFiles/cmTC_3ccf7.dir/CheckSymbolExists.c.o -c /home/lilu/lilu/cpp_games/cpp_games/less3/game/cmake-build-debug/CMakeFiles/CMakeTmp/CheckSymbolExists.c
/home/lilu/lilu/cpp_games/cpp_games/less3/game/cmake-build-debug/CMakeFiles/CMakeTmp/CheckSymbolExists.c: В функции «main»:
/home/lilu/lilu/cpp_games/cpp_games/less3/game/cmake-build-debug/CMakeFiles/CMakeTmp/CheckSymbolExists.c:14:19: ошибка: «fseeko64» не описан (первое использование в этой функции); имелось в виду «fseeko»?
   14 |   return ((int*)(&fseeko64))[argc];
      |                   ^~~~~~~~
      |                   fseeko
/home/lilu/lilu/cpp_games/cpp_games/less3/game/cmake-build-debug/CMakeFiles/CMakeTmp/CheckSymbolExists.c:14:19: замечание: сообщение о каждом неописанном идентификаторе выдается один раз в каждой функции, где он встречается
gmake[1]: *** [CMakeFiles/cmTC_3ccf7.dir/build.make:78: CMakeFiles/cmTC_3ccf7.dir/CheckSymbolExists.c.o] Ошибка 1
gmake[1]: выход из каталога «/home/lilu/lilu/cpp_games/cpp_games/less3/game/cmake-build-debug/CMakeFiles/CMakeTmp»
gmake: *** [Makefile:127: cmTC_3ccf7/fast] Ошибка 2


File /home/lilu/lilu/cpp_games/cpp_games/less3/game/cmake-build-debug/CMakeFiles/CMakeTmp/CheckSymbolExists.c:
/* */
#include <stddef.h>
#include <stdarg.h>
#include <stdlib.h>
#include <string.h>
#include <stdio.h>
#include <wchar.h>
#include <float.h>

int main(int argc, char** argv)
{
  (void)argv;
#ifndef fseeko64
  return ((int*)(&fseeko64))[argc];
#else
  (void)argc;
  return 0;
#endif
}
Determining if the sysctlbyname exist failed with the following output:
Change Dir: /home/lilu/lilu/cpp_games/cpp_games/less3/game/cmake-build-debug/CMakeFiles/CMakeTmp

Run Build Command(s):/usr/bin/gmake -f Makefile cmTC_dcee2/fast && /usr/bin/gmake  -f CMakeFiles/cmTC_dcee2.dir/build.make CMakeFiles/cmTC_dcee2.dir/build
gmake[1]: вход в каталог «/home/lilu/lilu/cpp_games/cpp_games/less3/game/cmake-build-debug/CMakeFiles/CMakeTmp»
Building C object CMakeFiles/cmTC_dcee2.dir/CheckSymbolExists.c.o
/usr/bin/cc   -idirafter "/home/lilu/lilu/cpp_games/cpp_games/less3/game/engine/libs/SDL2/src/video/khronos"  -o CMakeFiles/cmTC_dcee2.dir/CheckSymbolExists.c.o -c /home/lilu/lilu/cpp_games/cpp_games/less3/game/cmake-build-debug/CMakeFiles/CMakeTmp/CheckSymbolExists.c
/home/lilu/lilu/cpp_games/cpp_games/less3/game/cmake-build-debug/CMakeFiles/CMakeTmp/CheckSymbolExists.c:3:10: фатальная ошибка: sys/sysctl.h: Нет такого файла или каталога
    3 | #include <sys/sysctl.h>
      |          ^~~~~~~~~~~~~~
компиляция прервана.
gmake[1]: *** [CMakeFiles/cmTC_dcee2.dir/build.make:78: CMakeFiles/cmTC_dcee2.dir/CheckSymbolExists.c.o] Ошибка 1
gmake[1]: выход из каталога «/home/lilu/lilu/cpp_games/cpp_games/less3/game/cmake-build-debug/CMakeFiles/CMakeTmp»
gmake: *** [Makefile:127: cmTC_dcee2/fast] Ошибка 2


File /home/lilu/lilu/cpp_games/cpp_games/less3/game/cmake-build-debug/CMakeFiles/CMakeTmp/CheckSymbolExists.c:
/* */
#include <sys/types.h>
#include <sys/sysctl.h>

int main(int argc, char** argv)
{
  (void)argv;
#ifndef sysctlbyname
  return ((int*)(&sysctlbyname))[argc];
#else
  (void)argc;
  return 0;
#endif
}
Determining if the elf_aux_info exist failed with the following output:
Change Dir: /home/lilu/lilu/cpp_games/cpp_games/less3/game/cmake-build-debug/CMakeFiles/CMakeTmp

Run Build Command(s):/usr/bin/gmake -f Makefile cmTC_4c599/fast && /usr/bin/gmake  -f CMakeFiles/cmTC_4c599.dir/build.make CMakeFiles/cmTC_4c599.dir/build
gmake[1]: вход в каталог «/home/lilu/lilu/cpp_games/cpp_games/less3/game/cmake-build-debug/CMakeFiles/CMakeTmp»
Building C object CMakeFiles/cmTC_4c599.dir/CheckSymbolExists.c.o
/usr/bin/cc   -idirafter "/home/lilu/lilu/cpp_games/cpp_games/less3/game/engine/libs/SDL2/src/video/khronos"  -o CMakeFiles/cmTC_4c599.dir/CheckSymbolExists.c.o -c /home/lilu/lilu/cpp_games/cpp_games/less3/game/cmake-build-debug/CMakeFiles/CMakeTmp/CheckSymbolExists.c
/home/lilu/lilu/cpp_games/cpp_games/less3/game/cmake-build-debug/CMakeFiles/CMakeTmp/CheckSymbolExists.c: В функции «main»:
/home/lilu/lilu/cpp_games/cpp_games/less3/game/cmake-build-debug/CMakeFiles/CMakeTmp/CheckSymbolExists.c:8:19: ошибка: «elf_aux_info» не описан (первое использование в этой функции)
    8 |   return ((int*)(&elf_aux_info))[argc];
      |                   ^~~~~~~~~~~~
/home/lilu/lilu/cpp_games/cpp_games/less3/game/cmake-build-debug/CMakeFiles/CMakeTmp/CheckSymbolExists.c:8:19: замечание: сообщение о каждом неописанном идентификаторе выдается один раз в каждой функции, где он встречается
gmake[1]: *** [CMakeFiles/cmTC_4c599.dir/build.make:78: CMakeFiles/cmTC_4c599.dir/CheckSymbolExists.c.o] Ошибка 1
gmake[1]: выход из каталога «/home/lilu/lilu/cpp_games/cpp_games/less3/game/cmake-build-debug/CMakeFiles/CMakeTmp»
gmake: *** [Makefile:127: cmTC_4c599/fast] Ошибка 2


File /home/lilu/lilu/cpp_games/cpp_games/less3/game/cmake-build-debug/CMakeFiles/CMakeTmp/CheckSymbolExists.c:
/* */
#include <sys/auxv.h>

int main(int argc, char** argv)
{
  (void)argv;
#ifndef elf_aux_info
  return ((int*)(&elf_aux_info))[argc];
#else
  (void)argc;
  return 0;
#endif
}
Determining if the function iconv_open exists in the iconv failed with the following output:
Change Dir: /home/lilu/lilu/cpp_games/cpp_games/less3/game/cmake-build-debug/CMakeFiles/CMakeTmp

Run Build Command(s):/usr/bin/gmake -f Makefile cmTC_07441/fast && /usr/bin/gmake  -f CMakeFiles/cmTC_07441.dir/build.make CMakeFiles/cmTC_07441.dir/build
gmake[1]: вход в каталог «/home/lilu/lilu/cpp_games/cpp_games/less3/game/cmake-build-debug/CMakeFiles/CMakeTmp»
Building C object CMakeFiles/cmTC_07441.dir/CheckFunctionExists.c.o
/usr/bin/cc   -idirafter "/home/lilu/lilu/cpp_games/cpp_games/less3/game/engine/libs/SDL2/src/video/khronos" -DCHECK_FUNCTION_EXISTS=iconv_open -o CMakeFiles/cmTC_07441.dir/CheckFunctionExists.c.o -c /var/lib/snapd/snap/clion/169/bin/cmake/linux/share/cmake-3.20/Modules/CheckFunctionExists.c
Linking C executable cmTC_07441
/var/lib/snapd/snap/clion/169/bin/cmake/linux/bin/cmake -E cmake_link_script CMakeFiles/cmTC_07441.dir/link.txt --verbose=1
/usr/bin/cc  -idirafter "/home/lilu/lilu/cpp_games/cpp_games/less3/game/engine/libs/SDL2/src/video/khronos" -DCHECK_FUNCTION_EXISTS=iconv_open -rdynamic CMakeFiles/cmTC_07441.dir/CheckFunctionExists.c.o -o cmTC_07441  -liconv 
/usr/bin/ld: невозможно найти -liconv
collect2: ошибка: выполнение ld завершилось с кодом возврата 1
gmake[1]: *** [CMakeFiles/cmTC_07441.dir/build.make:99: cmTC_07441] Ошибка 1
gmake[1]: выход из каталога «/home/lilu/lilu/cpp_games/cpp_games/less3/game/cmake-build-debug/CMakeFiles/CMakeTmp»
gmake: *** [Makefile:127: cmTC_07441/fast] Ошибка 2



Determining if the alloca exist failed with the following output:
Change Dir: /home/lilu/lilu/cpp_games/cpp_games/less3/game/cmake-build-debug/CMakeFiles/CMakeTmp

Run Build Command(s):/usr/bin/gmake -f Makefile cmTC_e8a84/fast && /usr/bin/gmake  -f CMakeFiles/cmTC_e8a84.dir/build.make CMakeFiles/cmTC_e8a84.dir/build
gmake[1]: вход в каталог «/home/lilu/lilu/cpp_games/cpp_games/less3/game/cmake-build-debug/CMakeFiles/CMakeTmp»
Building C object CMakeFiles/cmTC_e8a84.dir/CheckSymbolExists.c.o
/usr/bin/cc   -idirafter "/home/lilu/lilu/cpp_games/cpp_games/less3/game/engine/libs/SDL2/src/video/khronos"  -o CMakeFiles/cmTC_e8a84.dir/CheckSymbolExists.c.o -c /home/lilu/lilu/cpp_games/cpp_games/less3/game/cmake-build-debug/CMakeFiles/CMakeTmp/CheckSymbolExists.c
/home/lilu/lilu/cpp_games/cpp_games/less3/game/cmake-build-debug/CMakeFiles/CMakeTmp/CheckSymbolExists.c: В функции «main»:
/home/lilu/lilu/cpp_games/cpp_games/less3/game/cmake-build-debug/CMakeFiles/CMakeTmp/CheckSymbolExists.c:8:19: ошибка: «alloca» не описан (первое использование в этой функции); имелось в виду «valloc»?
    8 |   return ((int*)(&alloca))[argc];
      |                   ^~~~~~
      |                   valloc
/home/lilu/lilu/cpp_games/cpp_games/less3/game/cmake-build-debug/CMakeFiles/CMakeTmp/CheckSymbolExists.c:8:19: замечание: сообщение о каждом неописанном идентификаторе выдается один раз в каждой функции, где он встречается
gmake[1]: *** [CMakeFiles/cmTC_e8a84.dir/build.make:78: CMakeFiles/cmTC_e8a84.dir/CheckSymbolExists.c.o] Ошибка 1
gmake[1]: выход из каталога «/home/lilu/lilu/cpp_games/cpp_games/less3/game/cmake-build-debug/CMakeFiles/CMakeTmp»
gmake: *** [Makefile:127: cmTC_e8a84/fast] Ошибка 2


File /home/lilu/lilu/cpp_games/cpp_games/less3/game/cmake-build-debug/CMakeFiles/CMakeTmp/CheckSymbolExists.c:
/* */
#include <malloc.h>

int main(int argc, char** argv)
{
  (void)argv;
#ifndef alloca
  return ((int*)(&alloca))[argc];
#else
  (void)argc;
  return 0;
#endif
}
Determining if the include file alsa/asoundlib.h exists failed with the following output:
Change Dir: /home/lilu/lilu/cpp_games/cpp_games/less3/game/cmake-build-debug/CMakeFiles/CMakeTmp

Run Build Command(s):/usr/bin/gmake -f Makefile cmTC_187f6/fast && /usr/bin/gmake  -f CMakeFiles/cmTC_187f6.dir/build.make CMakeFiles/cmTC_187f6.dir/build
gmake[1]: вход в каталог «/home/lilu/lilu/cpp_games/cpp_games/less3/game/cmake-build-debug/CMakeFiles/CMakeTmp»
Building C object CMakeFiles/cmTC_187f6.dir/CheckIncludeFile.c.o
/usr/bin/cc   -idirafter "/home/lilu/lilu/cpp_games/cpp_games/less3/game/engine/libs/SDL2/src/video/khronos"  -o CMakeFiles/cmTC_187f6.dir/CheckIncludeFile.c.o -c /home/lilu/lilu/cpp_games/cpp_games/less3/game/cmake-build-debug/CMakeFiles/CMakeTmp/CheckIncludeFile.c
/home/lilu/lilu/cpp_games/cpp_games/less3/game/cmake-build-debug/CMakeFiles/CMakeTmp/CheckIncludeFile.c:1:10: фатальная ошибка: alsa/asoundlib.h: Нет такого файла или каталога
    1 | #include <alsa/asoundlib.h>
      |          ^~~~~~~~~~~~~~~~~~
компиляция прервана.
gmake[1]: *** [CMakeFiles/cmTC_187f6.dir/build.make:78: CMakeFiles/cmTC_187f6.dir/CheckIncludeFile.c.o] Ошибка 1
gmake[1]: выход из каталога «/home/lilu/lilu/cpp_games/cpp_games/less3/game/cmake-build-debug/CMakeFiles/CMakeTmp»
gmake: *** [Makefile:127: cmTC_187f6/fast] Ошибка 2



Determining if the include file audio/audiolib.h exists failed with the following output:
Change Dir: /home/lilu/lilu/cpp_games/cpp_games/less3/game/cmake-build-debug/CMakeFiles/CMakeTmp

Run Build Command(s):/usr/bin/gmake -f Makefile cmTC_02584/fast && /usr/bin/gmake  -f CMakeFiles/cmTC_02584.dir/build.make CMakeFiles/cmTC_02584.dir/build
gmake[1]: вход в каталог «/home/lilu/lilu/cpp_games/cpp_games/less3/game/cmake-build-debug/CMakeFiles/CMakeTmp»
Building C object CMakeFiles/cmTC_02584.dir/CheckIncludeFile.c.o
/usr/bin/cc   -idirafter "/home/lilu/lilu/cpp_games/cpp_games/less3/game/engine/libs/SDL2/src/video/khronos"  -o CMakeFiles/cmTC_02584.dir/CheckIncludeFile.c.o -c /home/lilu/lilu/cpp_games/cpp_games/less3/game/cmake-build-debug/CMakeFiles/CMakeTmp/CheckIncludeFile.c
/home/lilu/lilu/cpp_games/cpp_games/less3/game/cmake-build-debug/CMakeFiles/CMakeTmp/CheckIncludeFile.c:1:10: фатальная ошибка: audio/audiolib.h: Нет такого файла или каталога
    1 | #include <audio/audiolib.h>
      |          ^~~~~~~~~~~~~~~~~~
компиляция прервана.
gmake[1]: *** [CMakeFiles/cmTC_02584.dir/build.make:78: CMakeFiles/cmTC_02584.dir/CheckIncludeFile.c.o] Ошибка 1
gmake[1]: выход из каталога «/home/lilu/lilu/cpp_games/cpp_games/less3/game/cmake-build-debug/CMakeFiles/CMakeTmp»
gmake: *** [Makefile:127: cmTC_02584/fast] Ошибка 2



Determining if the include file sndio.h exists failed with the following output:
Change Dir: /home/lilu/lilu/cpp_games/cpp_games/less3/game/cmake-build-debug/CMakeFiles/CMakeTmp

Run Build Command(s):/usr/bin/gmake -f Makefile cmTC_ce19d/fast && /usr/bin/gmake  -f CMakeFiles/cmTC_ce19d.dir/build.make CMakeFiles/cmTC_ce19d.dir/build
gmake[1]: вход в каталог «/home/lilu/lilu/cpp_games/cpp_games/less3/game/cmake-build-debug/CMakeFiles/CMakeTmp»
Building C object CMakeFiles/cmTC_ce19d.dir/CheckIncludeFile.c.o
/usr/bin/cc   -idirafter "/home/lilu/lilu/cpp_games/cpp_games/less3/game/engine/libs/SDL2/src/video/khronos"  -o CMakeFiles/cmTC_ce19d.dir/CheckIncludeFile.c.o -c /home/lilu/lilu/cpp_games/cpp_games/less3/game/cmake-build-debug/CMakeFiles/CMakeTmp/CheckIncludeFile.c
/home/lilu/lilu/cpp_games/cpp_games/less3/game/cmake-build-debug/CMakeFiles/CMakeTmp/CheckIncludeFile.c:1:10: фатальная ошибка: sndio.h: Нет такого файла или каталога
    1 | #include <sndio.h>
      |          ^~~~~~~~~
компиляция прервана.
gmake[1]: *** [CMakeFiles/cmTC_ce19d.dir/build.make:78: CMakeFiles/cmTC_ce19d.dir/CheckIncludeFile.c.o] Ошибка 1
gmake[1]: выход из каталога «/home/lilu/lilu/cpp_games/cpp_games/less3/game/cmake-build-debug/CMakeFiles/CMakeTmp»
gmake: *** [Makefile:127: cmTC_ce19d/fast] Ошибка 2



Determining if the include file samplerate.h exists failed with the following output:
Change Dir: /home/lilu/lilu/cpp_games/cpp_games/less3/game/cmake-build-debug/CMakeFiles/CMakeTmp

Run Build Command(s):/usr/bin/gmake -f Makefile cmTC_e77fe/fast && /usr/bin/gmake  -f CMakeFiles/cmTC_e77fe.dir/build.make CMakeFiles/cmTC_e77fe.dir/build
gmake[1]: вход в каталог «/home/lilu/lilu/cpp_games/cpp_games/less3/game/cmake-build-debug/CMakeFiles/CMakeTmp»
Building C object CMakeFiles/cmTC_e77fe.dir/CheckIncludeFile.c.o
/usr/bin/cc   -idirafter "/home/lilu/lilu/cpp_games/cpp_games/less3/game/engine/libs/SDL2/src/video/khronos"  -o CMakeFiles/cmTC_e77fe.dir/CheckIncludeFile.c.o -c /home/lilu/lilu/cpp_games/cpp_games/less3/game/cmake-build-debug/CMakeFiles/CMakeTmp/CheckIncludeFile.c
/home/lilu/lilu/cpp_games/cpp_games/less3/game/cmake-build-debug/CMakeFiles/CMakeTmp/CheckIncludeFile.c:1:10: фатальная ошибка: samplerate.h: Нет такого файла или каталога
    1 | #include <samplerate.h>
      |          ^~~~~~~~~~~~~~
компиляция прервана.
gmake[1]: *** [CMakeFiles/cmTC_e77fe.dir/build.make:78: CMakeFiles/cmTC_e77fe.dir/CheckIncludeFile.c.o] Ошибка 1
gmake[1]: выход из каталога «/home/lilu/lilu/cpp_games/cpp_games/less3/game/cmake-build-debug/CMakeFiles/CMakeTmp»
gmake: *** [Makefile:127: cmTC_e77fe/fast] Ошибка 2



Performing C SOURCE FILE Test HAVE_VIDEO_RPI failed with the following output:
Change Dir: /home/lilu/lilu/cpp_games/cpp_games/less3/game/cmake-build-debug/CMakeFiles/CMakeTmp

Run Build Command(s):/usr/bin/gmake -f Makefile cmTC_13fe9/fast && /usr/bin/gmake  -f CMakeFiles/cmTC_13fe9.dir/build.make CMakeFiles/cmTC_13fe9.dir/build
gmake[1]: вход в каталог «/home/lilu/lilu/cpp_games/cpp_games/less3/game/cmake-build-debug/CMakeFiles/CMakeTmp»
Building C object CMakeFiles/cmTC_13fe9.dir/src.c.o
/usr/bin/cc -DHAVE_VIDEO_RPI  -idirafter "/home/lilu/lilu/cpp_games/cpp_games/less3/game/engine/libs/SDL2/src/video/khronos"  -I/opt/vc/include/interface/vmcs_host/linux/ -I/opt/vc/include/interface/vcos/pthreads -I/opt/vc/include  -L/opt/vc/lib -o CMakeFiles/cmTC_13fe9.dir/src.c.o -c /home/lilu/lilu/cpp_games/cpp_games/less3/game/cmake-build-debug/CMakeFiles/CMakeTmp/src.c
/home/lilu/lilu/cpp_games/cpp_games/less3/game/cmake-build-debug/CMakeFiles/CMakeTmp/src.c:2:18: фатальная ошибка: bcm_host.h: Нет такого файла или каталога
    2 |         #include <bcm_host.h>
      |                  ^~~~~~~~~~~~
компиляция прервана.
gmake[1]: *** [CMakeFiles/cmTC_13fe9.dir/build.make:78: CMakeFiles/cmTC_13fe9.dir/src.c.o] Ошибка 1
gmake[1]: выход из каталога «/home/lilu/lilu/cpp_games/cpp_games/less3/game/cmake-build-debug/CMakeFiles/CMakeTmp»
gmake: *** [Makefile:127: cmTC_13fe9/fast] Ошибка 2


Source file was:

        #include <bcm_host.h>
        int main(int argc, char **argv) {}
Determining if the include file X11/extensions/Xinerama.h exists failed with the following output:
Change Dir: /home/lilu/lilu/cpp_games/cpp_games/less3/game/cmake-build-debug/CMakeFiles/CMakeTmp

Run Build Command(s):/usr/bin/gmake -f Makefile cmTC_15608/fast && /usr/bin/gmake  -f CMakeFiles/cmTC_15608.dir/build.make CMakeFiles/cmTC_15608.dir/build
gmake[1]: вход в каталог «/home/lilu/lilu/cpp_games/cpp_games/less3/game/cmake-build-debug/CMakeFiles/CMakeTmp»
Building C object CMakeFiles/cmTC_15608.dir/CheckIncludeFile.c.o
/usr/bin/cc   -idirafter "/home/lilu/lilu/cpp_games/cpp_games/less3/game/engine/libs/SDL2/src/video/khronos"  -o CMakeFiles/cmTC_15608.dir/CheckIncludeFile.c.o -c /home/lilu/lilu/cpp_games/cpp_games/less3/game/cmake-build-debug/CMakeFiles/CMakeTmp/CheckIncludeFile.c
/home/lilu/lilu/cpp_games/cpp_games/less3/game/cmake-build-debug/CMakeFiles/CMakeTmp/CheckIncludeFile.c:1:10: фатальная ошибка: X11/extensions/Xinerama.h: Нет такого файла или каталога
    1 | #include <X11/extensions/Xinerama.h>
      |          ^~~~~~~~~~~~~~~~~~~~~~~~~~~
компиляция прервана.
gmake[1]: *** [CMakeFiles/cmTC_15608.dir/build.make:78: CMakeFiles/cmTC_15608.dir/CheckIncludeFile.c.o] Ошибка 1
gmake[1]: выход из каталога «/home/lilu/lilu/cpp_games/cpp_games/less3/game/cmake-build-debug/CMakeFiles/CMakeTmp»
gmake: *** [Makefile:127: cmTC_15608/fast] Ошибка 2



Performing C SOURCE FILE Test HAVE_VIDEO_VIVANTE_VDK failed with the following output:
Change Dir: /home/lilu/lilu/cpp_games/cpp_games/less3/game/cmake-build-debug/CMakeFiles/CMakeTmp

Run Build Command(s):/usr/bin/gmake -f Makefile cmTC_edb32/fast && /usr/bin/gmake  -f CMakeFiles/cmTC_edb32.dir/build.make CMakeFiles/cmTC_edb32.dir/build
gmake[1]: вход в каталог «/home/lilu/lilu/cpp_games/cpp_games/less3/game/cmake-build-debug/CMakeFiles/CMakeTmp»
Building C object CMakeFiles/cmTC_edb32.dir/src.c.o
/usr/bin/cc -DHAVE_VIDEO_VIVANTE_VDK  -idirafter "/home/lilu/lilu/cpp_games/cpp_games/less3/game/engine/libs/SDL2/src/video/khronos"   -o CMakeFiles/cmTC_edb32.dir/src.c.o -c /home/lilu/lilu/cpp_games/cpp_games/less3/game/cmake-build-debug/CMakeFiles/CMakeTmp/src.c
/home/lilu/lilu/cpp_games/cpp_games/less3/game/cmake-build-debug/CMakeFiles/CMakeTmp/src.c:2:18: фатальная ошибка: gc_vdk.h: Нет такого файла или каталога
    2 |         #include <gc_vdk.h>
      |                  ^~~~~~~~~~
компиляция прервана.
gmake[1]: *** [CMakeFiles/cmTC_edb32.dir/build.make:78: CMakeFiles/cmTC_edb32.dir/src.c.o] Ошибка 1
gmake[1]: выход из каталога «/home/lilu/lilu/cpp_games/cpp_games/less3/game/cmake-build-debug/CMakeFiles/CMakeTmp»
gmake: *** [Makefile:127: cmTC_edb32/fast] Ошибка 2


Source file was:

        #include <gc_vdk.h>
        int main(int argc, char** argv) {}
Performing C SOURCE FILE Test HAVE_VIDEO_VIVANTE_EGL_FB failed with the following output:
Change Dir: /home/lilu/lilu/cpp_games/cpp_games/less3/game/cmake-build-debug/CMakeFiles/CMakeTmp

Run Build Command(s):/usr/bin/gmake -f Makefile cmTC_743f2/fast && /usr/bin/gmake  -f CMakeFiles/cmTC_743f2.dir/build.make CMakeFiles/cmTC_743f2.dir/build
gmake[1]: вход в каталог «/home/lilu/lilu/cpp_games/cpp_games/less3/game/cmake-build-debug/CMakeFiles/CMakeTmp»
Building C object CMakeFiles/cmTC_743f2.dir/src.c.o
/usr/bin/cc -DHAVE_VIDEO_VIVANTE_EGL_FB  -idirafter "/home/lilu/lilu/cpp_games/cpp_games/less3/game/engine/libs/SDL2/src/video/khronos"   -o CMakeFiles/cmTC_743f2.dir/src.c.o -c /home/lilu/lilu/cpp_games/cpp_games/less3/game/cmake-build-debug/CMakeFiles/CMakeTmp/src.c
/home/lilu/lilu/cpp_games/cpp_games/less3/game/cmake-build-debug/CMakeFiles/CMakeTmp/src.c:4:18: фатальная ошибка: EGL/eglvivante.h: Нет такого файла или каталога
    4 |         #include <EGL/eglvivante.h>
      |                  ^~~~~~~~~~~~~~~~~~
компиляция прервана.
gmake[1]: *** [CMakeFiles/cmTC_743f2.dir/build.make:78: CMakeFiles/cmTC_743f2.dir/src.c.o] Ошибка 1
gmake[1]: выход из каталога «/home/lilu/lilu/cpp_games/cpp_games/less3/game/cmake-build-debug/CMakeFiles/CMakeTmp»
gmake: *** [Makefile:127: cmTC_743f2/fast] Ошибка 2


Source file was:

        #define LINUX
        #define EGL_API_FB
        #include <EGL/eglvivante.h>
        int main(int argc, char** argv) {}
Determining if the include file libudev.h exists failed with the following output:
Change Dir: /home/lilu/lilu/cpp_games/cpp_games/less3/game/cmake-build-debug/CMakeFiles/CMakeTmp

Run Build Command(s):/usr/bin/gmake -f Makefile cmTC_78cae/fast && /usr/bin/gmake  -f CMakeFiles/cmTC_78cae.dir/build.make CMakeFiles/cmTC_78cae.dir/build
gmake[1]: вход в каталог «/home/lilu/lilu/cpp_games/cpp_games/less3/game/cmake-build-debug/CMakeFiles/CMakeTmp»
Building C object CMakeFiles/cmTC_78cae.dir/CheckIncludeFile.c.o
/usr/bin/cc   -idirafter "/home/lilu/lilu/cpp_games/cpp_games/less3/game/engine/libs/SDL2/src/video/khronos"   -o CMakeFiles/cmTC_78cae.dir/CheckIncludeFile.c.o -c /home/lilu/lilu/cpp_games/cpp_games/less3/game/cmake-build-debug/CMakeFiles/CMakeTmp/CheckIncludeFile.c
/home/lilu/lilu/cpp_games/cpp_games/less3/game/cmake-build-debug/CMakeFiles/CMakeTmp/CheckIncludeFile.c:1:10: фатальная ошибка: libudev.h: Нет такого файла или каталога
    1 | #include <libudev.h>
      |          ^~~~~~~~~~~
компиляция прервана.
gmake[1]: *** [CMakeFiles/cmTC_78cae.dir/build.make:78: CMakeFiles/cmTC_78cae.dir/CheckIncludeFile.c.o] Ошибка 1
gmake[1]: выход из каталога «/home/lilu/lilu/cpp_games/cpp_games/less3/game/cmake-build-debug/CMakeFiles/CMakeTmp»
gmake: *** [Makefile:127: cmTC_78cae/fast] Ошибка 2



Determining if files pthread_np.h exist failed with the following output:
Change Dir: /home/lilu/lilu/cpp_games/cpp_games/less3/game/cmake-build-debug/CMakeFiles/CMakeTmp

Run Build Command(s):/usr/bin/gmake -f Makefile cmTC_29968/fast && /usr/bin/gmake  -f CMakeFiles/cmTC_29968.dir/build.make CMakeFiles/cmTC_29968.dir/build
gmake[1]: вход в каталог «/home/lilu/lilu/cpp_games/cpp_games/less3/game/cmake-build-debug/CMakeFiles/CMakeTmp»
Building C object CMakeFiles/cmTC_29968.dir/HAVE_PTHREAD_NP_H.c.o
/usr/bin/cc   -idirafter "/home/lilu/lilu/cpp_games/cpp_games/less3/game/engine/libs/SDL2/src/video/khronos"   -D_REENTRANT -pthread -o CMakeFiles/cmTC_29968.dir/HAVE_PTHREAD_NP_H.c.o -c /home/lilu/lilu/cpp_games/cpp_games/less3/game/cmake-build-debug/CMakeFiles/CheckIncludeFiles/HAVE_PTHREAD_NP_H.c
/home/lilu/lilu/cpp_games/cpp_games/less3/game/cmake-build-debug/CMakeFiles/CheckIncludeFiles/HAVE_PTHREAD_NP_H.c:2:10: фатальная ошибка: pthread_np.h: Нет такого файла или каталога
    2 | #include <pthread_np.h>
      |          ^~~~~~~~~~~~~~
компиляция прервана.
gmake[1]: *** [CMakeFiles/cmTC_29968.dir/build.make:78: CMakeFiles/cmTC_29968.dir/HAVE_PTHREAD_NP_H.c.o] Ошибка 1
gmake[1]: выход из каталога «/home/lilu/lilu/cpp_games/cpp_games/less3/game/cmake-build-debug/CMakeFiles/CMakeTmp»
gmake: *** [Makefile:127: cmTC_29968/fast] Ошибка 2


Source:
/* */
#include <pthread_np.h>


int main(void){return 0;}

Determining if the pthread_setname_np exist failed with the following output:
Change Dir: /home/lilu/lilu/cpp_games/cpp_games/less3/game/cmake-build-debug/CMakeFiles/CMakeTmp

Run Build Command(s):/usr/bin/gmake -f Makefile cmTC_8a623/fast && /usr/bin/gmake  -f CMakeFiles/cmTC_8a623.dir/build.make CMakeFiles/cmTC_8a623.dir/build
gmake[1]: вход в каталог «/home/lilu/lilu/cpp_games/cpp_games/less3/game/cmake-build-debug/CMakeFiles/CMakeTmp»
Building C object CMakeFiles/cmTC_8a623.dir/CheckSymbolExists.c.o
/usr/bin/cc   -idirafter "/home/lilu/lilu/cpp_games/cpp_games/less3/game/engine/libs/SDL2/src/video/khronos"   -D_REENTRANT -pthread -o CMakeFiles/cmTC_8a623.dir/CheckSymbolExists.c.o -c /home/lilu/lilu/cpp_games/cpp_games/less3/game/cmake-build-debug/CMakeFiles/CMakeTmp/CheckSymbolExists.c
/home/lilu/lilu/cpp_games/cpp_games/less3/game/cmake-build-debug/CMakeFiles/CMakeTmp/CheckSymbolExists.c: В функции «main»:
/home/lilu/lilu/cpp_games/cpp_games/less3/game/cmake-build-debug/CMakeFiles/CMakeTmp/CheckSymbolExists.c:8:19: ошибка: «pthread_setname_np» не описан (первое использование в этой функции); имелось в виду «pthread_setcanceltype»?
    8 |   return ((int*)(&pthread_setname_np))[argc];
      |                   ^~~~~~~~~~~~~~~~~~
      |                   pthread_setcanceltype
/home/lilu/lilu/cpp_games/cpp_games/less3/game/cmake-build-debug/CMakeFiles/CMakeTmp/CheckSymbolExists.c:8:19: замечание: сообщение о каждом неописанном идентификаторе выдается один раз в каждой функции, где он встречается
gmake[1]: *** [CMakeFiles/cmTC_8a623.dir/build.make:78: CMakeFiles/cmTC_8a623.dir/CheckSymbolExists.c.o] Ошибка 1
gmake[1]: выход из каталога «/home/lilu/lilu/cpp_games/cpp_games/less3/game/cmake-build-debug/CMakeFiles/CMakeTmp»
gmake: *** [Makefile:127: cmTC_8a623/fast] Ошибка 2


File /home/lilu/lilu/cpp_games/cpp_games/less3/game/cmake-build-debug/CMakeFiles/CMakeTmp/CheckSymbolExists.c:
/* */
#include <pthread.h>

int main(int argc, char** argv)
{
  (void)argv;
#ifndef pthread_setname_np
  return ((int*)(&pthread_setname_np))[argc];
#else
  (void)argc;
  return 0;
#endif
}
